{
  "RSpec": {
    "coverage": {
      "/latamgateway_cep_api/lib/authentication/user_token_strategy.rb": {
        "lines": [
          1,
          null,
          1,
          1,
          1,
          21,
          null,
          null,
          1,
          21,
          null,
          21,
          21,
          null,
          21,
          null,
          0,
          null,
          null,
          null,
          1,
          null,
          1,
          63,
          null,
          null,
          1,
          21,
          null,
          null,
          null
        ]
      },
      "/latamgateway_cep_api/app/models/address.rb": {
        "lines": [
          1,
          1,
          null,
          1,
          null,
          1,
          1,
          null,
          1,
          null,
          1,
          3,
          null,
          3,
          3,
          null,
          3,
          null,
          null,
          1,
          null,
          1,
          124,
          null,
          null,
          1,
          124,
          null,
          null,
          1,
          3,
          3,
          1,
          1,
          null,
          null,
          2,
          null,
          null,
          null,
          null,
          null
        ]
      },
      "/latamgateway_cep_api/app/models/application_record.rb": {
        "lines": [
          1,
          1,
          null
        ]
      },
      "/latamgateway_cep_api/app/models/user.rb": {
        "lines": [
          1,
          null,
          null,
          1,
          null,
          null,
          1,
          null,
          1,
          1,
          null
        ]
      },
      "/latamgateway_cep_api/app/controllers/api/v1/addresses_controller.rb": {
        "lines": [
          1,
          1,
          1,
          1,
          null,
          1,
          1,
          null,
          1,
          4,
          null,
          12,
          null,
          null,
          1,
          6,
          null,
          null,
          1,
          5,
          3,
          null,
          3,
          6,
          null,
          1,
          null,
          null,
          null,
          1,
          2,
          null,
          6,
          null,
          null,
          1,
          3,
          null,
          3,
          null,
          null,
          1,
          null,
          1,
          2,
          null,
          2,
          null,
          null,
          null,
          null,
          1,
          0,
          null,
          null,
          1,
          2,
          null,
          null,
          1,
          0,
          null,
          null,
          null,
          null
        ]
      },
      "/latamgateway_cep_api/app/controllers/application_controller.rb": {
        "lines": [
          1,
          1,
          1,
          1,
          null,
          1,
          null,
          1,
          null,
          1,
          null,
          1,
          21,
          5,
          null,
          null,
          1,
          0,
          null,
          null
        ]
      },
      "/latamgateway_cep_api/app/controllers/concerns/authenticated_controller.rb": {
        "lines": [
          1,
          1,
          null,
          1,
          1,
          null,
          null,
          1,
          null,
          1,
          21,
          null,
          null,
          1,
          0,
          null,
          null
        ]
      },
      "/latamgateway_cep_api/app/controllers/concerns/resource_helpers.rb": {
        "lines": [
          1,
          1,
          null,
          1,
          null,
          1,
          null,
          1,
          14,
          null,
          null,
          1,
          7,
          null,
          0,
          0,
          null,
          null,
          1,
          4,
          null,
          null,
          1,
          11,
          null,
          null
        ]
      },
      "/latamgateway_cep_api/app/models/current_session.rb": {
        "lines": [
          1,
          1,
          null,
          1,
          null
        ]
      },
      "/latamgateway_cep_api/app/services/request/postal_code_service.rb": {
        "lines": [
          1,
          1,
          1,
          null,
          1,
          null,
          1,
          null,
          1,
          1,
          null,
          1,
          3,
          3,
          null,
          null,
          1,
          3,
          3,
          null,
          3,
          null,
          2,
          null,
          0,
          null,
          null,
          1,
          0,
          null,
          null,
          1,
          null,
          1,
          3,
          20,
          null,
          null,
          null,
          1,
          3,
          null,
          null,
          null
        ]
      },
      "/latamgateway_cep_api/app/services/application_service.rb": {
        "lines": [
          1,
          1,
          3,
          null,
          null
        ]
      },
      "/latamgateway_cep_api/app/channels/application_cable/channel.rb": {
        "lines": [
          0,
          0,
          0,
          0
        ],
        "branches": {
        }
      },
      "/latamgateway_cep_api/app/channels/application_cable/connection.rb": {
        "lines": [
          0,
          0,
          0,
          0
        ],
        "branches": {
        }
      },
      "/latamgateway_cep_api/app/jobs/application_job.rb": {
        "lines": [
          0,
          null,
          null,
          null,
          null,
          null,
          0
        ],
        "branches": {
        }
      },
      "/latamgateway_cep_api/app/controllers/unauthorized_controller.rb": {
        "lines": [
          0,
          0,
          null,
          0,
          0,
          0,
          0
        ],
        "branches": {
        }
      },
      "/latamgateway_cep_api/app/mailers/application_mailer.rb": {
        "lines": [
          0,
          0,
          0,
          0
        ],
        "branches": {
        }
      }
    },
    "timestamp": 1624342415
  }
}
